12:09:909 [main] INFO  org.testng.internal.Utils - [Utils] MethodGroupsHelper.sortMethods() took 16 ms.
12:09:921 [main] INFO  org.testng.internal.Utils - [Utils] MethodGroupsHelper.collectMethodsByGroup() took 1 ms.
12:09:922 [main] INFO  org.testng.internal.Utils - [Utils] MethodGroupsHelper.sortMethods() took 0 ms.
12:09:923 [main] INFO  org.testng.internal.Utils - [Utils] MethodGroupsHelper.collectMethodsByGroup() took 0 ms.
12:09:923 [main] INFO  org.testng.internal.Utils - [Utils] MethodGroupsHelper.sortMethods() took 0 ms.
12:09:923 [main] INFO  org.testng.internal.Utils - [Utils] MethodGroupsHelper.collectMethodsByGroup() took 0 ms.
12:09:924 [main] INFO  org.testng.internal.Utils - [Utils] MethodGroupsHelper.sortMethods() took 0 ms.
12:09:926 [main] INFO  org.testng.internal.Utils - [Utils] MethodGroupsHelper.collectMethodsByGroup() took 0 ms.
12:09:927 [main] INFO  org.testng.internal.Utils - [Utils] MethodGroupsHelper.sortMethods() took 0 ms.
12:09:927 [main] INFO  org.testng.internal.Utils - [Utils] MethodGroupsHelper.collectMethodsByGroup() took 0 ms.
12:09:927 [main] INFO  org.testng.internal.Utils - [Utils] MethodGroupsHelper.sortMethods() took 0 ms.
12:09:929 [main] INFO  org.testng.internal.Utils - [Utils] MethodGroupsHelper.collectMethodsByGroup() took 0 ms.
12:09:929 [main] INFO  org.testng.internal.Utils - [Utils] MethodGroupsHelper.sortMethods() took 0 ms.
12:09:929 [main] INFO  org.testng.internal.Utils - [Utils] MethodGroupsHelper.collectMethodsByGroup() took 0 ms.
12:09:929 [main] INFO  org.testng.internal.Utils - [Utils] MethodGroupsHelper.sortMethods() took 0 ms.
12:09:930 [main] INFO  org.testng.internal.Utils - [Utils] MethodGroupsHelper.collectMethodsByGroup() took 0 ms.
12:09:931 [main] INFO  org.testng.internal.Utils - [Utils] MethodGroupsHelper.sortMethods() took 0 ms.
12:09:932 [main] INFO  org.testng.internal.Utils - [Utils] MethodGroupsHelper.collectMethodsByGroup() took 0 ms.
12:09:932 [main] INFO  org.testng.internal.Utils - [Utils] MethodGroupsHelper.sortMethods() took 0 ms.
12:09:932 [main] INFO  org.testng.internal.Utils - [Utils] MethodGroupsHelper.collectMethodsByGroup() took 0 ms.
12:09:932 [main] INFO  org.testng.internal.Utils - [Utils] MethodGroupsHelper.sortMethods() took 0 ms.
12:09:945 [main] INFO  org.testng.internal.Utils - [TestNG] Running:
  C:\Users\akeem\AppData\Local\Temp\testng-eclipse-2023297321\testng-customsuite.xml

12:09:971 [main] INFO  org.testng.internal.Utils - [Utils] DynamicGraphHelper.createDynamicGraph() took 7 ms.
12:10:096 [main] INFO  org.testng.internal.Utils - [TestNG] Time taken by org.testng.internal.ExitCodeListener@ab7a938: 1 ms
12:10:158 [main] INFO  org.testng.internal.Utils - [TestNG] Time taken by org.testng.reporters.SuiteHTMLReporter@d5ae57e: 62 ms
12:10:253 [main] INFO  org.testng.internal.Utils - [TestNG] Time taken by org.testng.reporters.jq.Main@89ff02e: 95 ms
12:10:272 [main] INFO  org.testng.internal.Utils - [TestNG] Time taken by org.testng.reporters.FailedReporter@495083a0: 18 ms
12:10:286 [main] INFO  org.testng.internal.Utils - [TestNG] Time taken by org.testng.reporters.XMLReporter@6e521c1e: 14 ms
12:10:299 [main] INFO  org.testng.internal.Utils - [TestNG] Time taken by org.testng.reporters.EmailableReporter2@25bcd0c7: 11 ms
12:10:311 [main] INFO  org.testng.internal.Utils - [TestNG] Time taken by org.testng.reporters.JUnitReportReporter@62dae245: 12 ms
12:24:820 [main] INFO  org.testng.internal.Utils - [TestNG] Running:
  C:\Users\akeem\eclipse-workspace\ECommerceFramework\testng.xml

12:46:682 [main] INFO  org.testng.internal.Utils - [TestNG] Running:
  C:\Users\akeem\eclipse-workspace\ECommerceFramework\testng.xml

12:31:334 [main] INFO  org.testng.internal.Utils - [TestNG] Running:
  C:\Users\akeem\eclipse-workspace\ECommerceFramework\testng.xml

12:18:631 [main] INFO  org.apache.hc.client5.http.impl.classic.HttpRequestRetryExec - Recoverable I/O exception (java.net.SocketException) caught when processing request to {s}->https://raw.githubusercontent.com:443
12:46:593 [main] INFO  org.apache.hc.client5.http.impl.classic.HttpRequestRetryExec - Recoverable I/O exception (java.net.SocketException) caught when processing request to {s}->https://raw.githubusercontent.com:443
12:09:391 [main] WARN  io.github.bonigarcia.wdm.versions.VersionDetector - Error reading commands.properties, using local instead
12:10:485 [main] INFO  io.github.bonigarcia.wdm.WebDriverManager - Using chromedriver 132.0.6834.159 (resolved driver for Chrome 132)
12:11:118 [main] INFO  io.github.bonigarcia.wdm.WebDriverManager - Exporting webdriver.chrome.driver as C:\Users\akeem\.cache\selenium\chromedriver\win64\132.0.6834.159\chromedriver.exe
12:29:584 [main] WARN  io.github.bonigarcia.wdm.versions.VersionDetector - Error reading commands.properties, using local instead
12:30:751 [main] INFO  io.github.bonigarcia.wdm.WebDriverManager - Using chromedriver 132.0.6834.159 (resolved driver for Chrome 132)
12:31:187 [main] INFO  io.github.bonigarcia.wdm.WebDriverManager - Exporting webdriver.chrome.driver as C:\Users\akeem\.cache\selenium\chromedriver\win64\132.0.6834.159\chromedriver.exe
