08:48:277 [main] INFO  org.testng.internal.Utils - [Utils] DynamicGraphHelper.createDynamicGraph() took 6 ms.
08:48:472 [main] INFO  org.testng.internal.Utils - [TestNG] Time taken by org.testng.internal.ExitCodeListener@29ef6856: 0 ms
08:48:541 [main] INFO  org.testng.internal.Utils - [TestNG] Time taken by org.testng.reporters.SuiteHTMLReporter@319988b0: 69 ms
08:48:663 [main] INFO  org.testng.internal.Utils - [TestNG] Time taken by org.testng.reporters.jq.Main@6d1d4d7: 122 ms
08:48:694 [main] INFO  org.testng.internal.Utils - [TestNG] Time taken by org.testng.reporters.FailedReporter@46e8a539: 31 ms
08:48:717 [main] INFO  org.testng.internal.Utils - [TestNG] Time taken by org.testng.reporters.XMLReporter@5f4d427e: 21 ms
08:48:734 [main] INFO  org.testng.internal.Utils - [TestNG] Time taken by org.testng.reporters.EmailableReporter2@31024624: 17 ms
08:48:745 [main] INFO  org.testng.internal.Utils - [TestNG] Time taken by org.testng.reporters.JUnitReportReporter@6a1d204a: 10 ms
08:58:130 [main] INFO  org.testng.internal.Utils - [TestNG] Running:
  C:\Users\akeem\eclipse-workspace\ECommerceFramework\testng.xml

08:58:655 [main] INFO  io.github.bonigarcia.wdm.WebDriverManager - Using chromedriver 132.0.6834.159 (resolved driver for Chrome 132)
08:58:777 [main] INFO  io.github.bonigarcia.wdm.WebDriverManager - Exporting webdriver.chrome.driver as C:\Users\akeem\.cache\selenium\chromedriver\win64\132.0.6834.159\chromedriver.exe
08:21:624 [main] INFO  org.testng.internal.Utils - [TestNG] Running:
  C:\Users\akeem\eclipse-workspace\ECommerceFramework\testng.xml

08:22:332 [main] INFO  io.github.bonigarcia.wdm.WebDriverManager - Using chromedriver 132.0.6834.159 (resolved driver for Chrome 132)
08:22:440 [main] INFO  io.github.bonigarcia.wdm.WebDriverManager - Exporting webdriver.chrome.driver as C:\Users\akeem\.cache\selenium\chromedriver\win64\132.0.6834.159\chromedriver.exe
08:04:641 [main] INFO  org.testng.internal.Utils - [TestNG] Running:
  C:\Users\akeem\eclipse-workspace\ECommerceFramework\testng.xml

08:05:881 [main] INFO  io.github.bonigarcia.wdm.WebDriverManager - Using chromedriver 132.0.6834.159 (resolved driver for Chrome 132)
08:06:164 [main] INFO  io.github.bonigarcia.wdm.WebDriverManager - Exporting webdriver.chrome.driver as C:\Users\akeem\.cache\selenium\chromedriver\win64\132.0.6834.159\chromedriver.exe
08:30:858 [main] INFO  org.testng.internal.Utils - [TestNG] Running:
  C:\Users\akeem\eclipse-workspace\ECommerceFramework\testng.xml

08:31:985 [main] INFO  io.github.bonigarcia.wdm.WebDriverManager - Using chromedriver 132.0.6834.159 (resolved driver for Chrome 132)
08:32:174 [main] INFO  io.github.bonigarcia.wdm.WebDriverManager - Exporting webdriver.chrome.driver as C:\Users\akeem\.cache\selenium\chromedriver\win64\132.0.6834.159\chromedriver.exe
08:37:764 [main] INFO  org.testng.internal.Utils - [TestNG] Running:
  C:\Users\akeem\eclipse-workspace\ECommerceFramework\testng.xml

08:38:757 [main] INFO  io.github.bonigarcia.wdm.WebDriverManager - Using chromedriver 132.0.6834.159 (resolved driver for Chrome 132)
08:39:039 [main] INFO  io.github.bonigarcia.wdm.WebDriverManager - Exporting webdriver.chrome.driver as C:\Users\akeem\.cache\selenium\chromedriver\win64\132.0.6834.159\chromedriver.exe
08:26:559 [main] INFO  org.testng.internal.Utils - [TestNG] Running:
  C:\Users\akeem\eclipse-workspace\ECommerceFramework\testng.xml

08:27:449 [main] INFO  io.github.bonigarcia.wdm.WebDriverManager - Using chromedriver 132.0.6834.159 (resolved driver for Chrome 132)
08:27:609 [main] INFO  io.github.bonigarcia.wdm.WebDriverManager - Exporting webdriver.chrome.driver as C:\Users\akeem\.cache\selenium\chromedriver\win64\132.0.6834.159\chromedriver.exe
09:34:174 [main] INFO  org.testng.internal.Utils - [TestNG] Running:
  C:\Users\akeem\eclipse-workspace\ECommerceFramework\testng.xml

09:35:217 [main] INFO  io.github.bonigarcia.wdm.WebDriverManager - Using chromedriver 132.0.6834.159 (resolved driver for Chrome 132)
09:35:419 [main] INFO  io.github.bonigarcia.wdm.WebDriverManager - Exporting webdriver.chrome.driver as C:\Users\akeem\.cache\selenium\chromedriver\win64\132.0.6834.159\chromedriver.exe
09:36:599 [main] INFO  org.testng.internal.Utils - [TestNG] Running:
  C:\Users\akeem\eclipse-workspace\ECommerceFramework\testng.xml

09:37:237 [main] INFO  org.testng.internal.Utils - [TestNG] Running:
  C:\Users\akeem\eclipse-workspace\ECommerceFramework\testng.xml

09:24:734 [main] INFO  org.testng.internal.Utils - [TestNG] Running:
  C:\Users\akeem\eclipse-workspace\ECommerceFramework\testng.xml

10:07:424 [main] INFO  org.testng.internal.Utils - [TestNG] Running:
  C:\Users\akeem\eclipse-workspace\ECommerceFramework\testng.xml

10:44:000 [main] INFO  org.testng.internal.Utils - [TestNG] Running:
  C:\Users\akeem\eclipse-workspace\ECommerceFramework\testng.xml

10:46:365 [main] INFO  io.github.bonigarcia.wdm.WebDriverManager - Using chromedriver 132.0.6834.159 (resolved driver for Chrome 132)
